{"timestamp":"2025-06-27T14:28:35.245Z","level":"info","message":"Starting SQLMap scan","target":"https://449m9g-8000.csb.app/","options":{"level":1,"risk":1,"threads":4,"dbms":"","technique":""}}
{"timestamp":"2025-06-27T14:28:35.283Z","level":"error","message":"SQLMap scan failed","error":"Execution failed: Command failed: ulimit -v 1048576 && sqlmap -u \"https://449m9g-8000.csb.app/\" --batch --random-agent --level 1 --risk 1 --threads 4 --output-dir=./sqlmap-results
/bin/sh: 1: sqlmap: not found
"}
{"timestamp":"2025-06-27T14:28:54.417Z","level":"info","message":"Starting SQLMap scan","target":"https://449m9g-8000.csb.app/","options":{"level":1,"risk":1,"threads":4,"dbms":"","technique":""}}
{"timestamp":"2025-06-27T14:28:54.442Z","level":"error","message":"SQLMap scan failed","error":"Execution failed: Command failed: ulimit -v 1048576 && sqlmap -u \"https://449m9g-8000.csb.app/\" --batch --random-agent --level 1 --risk 1 --threads 4 --output-dir=./sqlmap-results
/bin/sh: 1: sqlmap: not found
"}
{"timestamp":"2025-06-27T15:35:24.869Z","level":"info","message":"Resource stats collected","stats":{"cpu":4.9,"memory":{"total":7953,"used":3522,"free":3326,"percentage":44.28517540550735},"activeTools":[],"lastUpdated":"2025-06-27T15:35:24.869Z"}}
{"timestamp":"2025-06-27T15:35:29.743Z","level":"info","message":"Resource stats collected","stats":{"cpu":3.3,"memory":{"total":7953,"used":3530,"free":3317,"percentage":44.385766377467625},"activeTools":[],"lastUpdated":"2025-06-27T15:35:29.743Z"}}
{"timestamp":"2025-06-27T15:35:34.741Z","level":"info","message":"Resource stats collected","stats":{"cpu":1.6,"memory":{"total":7953,"used":3217,"free":3631,"percentage":40.45014459952219},"activeTools":[],"lastUpdated":"2025-06-27T15:35:34.740Z"}}
{"timestamp":"2025-06-27T15:35:40.042Z","level":"info","message":"Resource stats collected","stats":{"cpu":3.3,"memory":{"total":7953,"used":3219,"free":3628,"percentage":40.47529234251226},"activeTools":[],"lastUpdated":"2025-06-27T15:35:40.042Z"}}
{"timestamp":"2025-06-27T15:35:44.715Z","level":"info","message":"Resource stats collected","stats":{"cpu":6.5,"memory":{"total":7953,"used":3227,"free":3620,"percentage":40.57588331447253},"activeTools":[],"lastUpdated":"2025-06-27T15:35:44.715Z"}}
{"timestamp":"2025-06-27T15:35:49.752Z","level":"info","message":"Resource stats collected","stats":{"cpu":3.3,"memory":{"total":7953,"used":3235,"free":3612,"percentage":40.67647428643279},"activeTools":[],"lastUpdated":"2025-06-27T15:35:49.752Z"}}
{"timestamp":"2025-06-27T15:36:26.494Z","level":"info","message":"Resource stats collected","stats":{"cpu":24.6,"memory":{"total":7953,"used":3666,"free":3181,"percentage":46.095812900792154},"activeTools":[],"lastUpdated":"2025-06-27T15:36:26.494Z"}}
{"timestamp":"2025-06-27T15:37:08.404Z","level":"info","message":"Resource stats collected","stats":{"cpu":8.1,"memory":{"total":7953,"used":3327,"free":3502,"percentage":41.83327046397586},"activeTools":[],"lastUpdated":"2025-06-27T15:37:08.404Z"}}
{"timestamp":"2025-06-27T15:37:13.659Z","level":"info","message":"Resource stats collected","stats":{"cpu":4.8,"memory":{"total":7953,"used":3350,"free":3478,"percentage":42.122469508361625},"activeTools":[],"lastUpdated":"2025-06-27T15:37:13.659Z"}}
{"timestamp":"2025-06-27T15:37:18.657Z","level":"info","message":"Resource stats collected","stats":{"cpu":6.5,"memory":{"total":7953,"used":3365,"free":3469,"percentage":42.31107758078713},"activeTools":[],"lastUpdated":"2025-06-27T15:37:18.656Z"}}
{"timestamp":"2025-06-27T15:37:23.653Z","level":"info","message":"Resource stats collected","stats":{"cpu":6.6,"memory":{"total":7953,"used":3349,"free":3485,"percentage":42.10989563686659},"activeTools":[],"lastUpdated":"2025-06-27T15:37:23.653Z"}}
{"timestamp":"2025-06-27T15:37:27.740Z","level":"info","message":"Resource stats collected","stats":{"cpu":3.2,"memory":{"total":7953,"used":3341,"free":3493,"percentage":42.009304664906324},"activeTools":[],"lastUpdated":"2025-06-27T15:37:27.740Z"}}
{"timestamp":"2025-06-27T15:37:28.682Z","level":"info","message":"Resource stats collected","stats":{"cpu":4.9,"memory":{"total":7953,"used":3342,"free":3491,"percentage":42.02187853640136},"activeTools":[],"lastUpdated":"2025-06-27T15:37:28.682Z"}}
{"timestamp":"2025-06-27T15:37:33.639Z","level":"info","message":"Resource stats collected","stats":{"cpu":6.5,"memory":{"total":7953,"used":3382,"free":3451,"percentage":42.52483339620269},"activeTools":[],"lastUpdated":"2025-06-27T15:37:33.639Z"}}
{"timestamp":"2025-06-27T15:37:38.651Z","level":"info","message":"Resource stats collected","stats":{"cpu":4.8,"memory":{"total":7953,"used":3393,"free":3440,"percentage":42.66314598264806},"activeTools":[],"lastUpdated":"2025-06-27T15:37:38.651Z"}}
{"timestamp":"2025-06-27T15:37:43.652Z","level":"info","message":"Resource stats collected","stats":{"cpu":9.7,"memory":{"total":7953,"used":3400,"free":3434,"percentage":42.75116308311329},"activeTools":[],"lastUpdated":"2025-06-27T15:37:43.652Z"}}
{"timestamp":"2025-06-27T15:37:48.663Z","level":"info","message":"Resource stats collected","stats":{"cpu":3.3,"memory":{"total":7953,"used":3401,"free":3432,"percentage":42.76373695460832},"activeTools":[],"lastUpdated":"2025-06-27T15:37:48.663Z"}}
{"timestamp":"2025-06-27T15:37:53.657Z","level":"info","message":"Resource stats collected","stats":{"cpu":7.5,"memory":{"total":7953,"used":3405,"free":3428,"percentage":42.814032440588456},"activeTools":[],"lastUpdated":"2025-06-27T15:37:53.657Z"}}
{"timestamp":"2025-06-27T15:37:58.671Z","level":"info","message":"Resource stats collected","stats":{"cpu":4.8,"memory":{"total":7953,"used":3370,"free":3463,"percentage":42.37394693826229},"activeTools":[],"lastUpdated":"2025-06-27T15:37:58.671Z"}}
{"timestamp":"2025-06-27T15:38:03.656Z","level":"info","message":"Resource stats collected","stats":{"cpu":6.6,"memory":{"total":7953,"used":3375,"free":3458,"percentage":42.43681629573746},"activeTools":[],"lastUpdated":"2025-06-27T15:38:03.656Z"}}
{"timestamp":"2025-06-27T15:38:08.657Z","level":"info","message":"Resource stats collected","stats":{"cpu":3.4,"memory":{"total":7953,"used":3366,"free":3452,"percentage":42.32365145228216},"activeTools":[],"lastUpdated":"2025-06-27T15:38:08.657Z"}}
{"timestamp":"2025-06-27T15:38:13.660Z","level":"info","message":"Resource stats collected","stats":{"cpu":32.8,"memory":{"total":7953,"used":3384,"free":3406,"percentage":42.54998113919275},"activeTools":[],"lastUpdated":"2025-06-27T15:38:13.660Z"}}
{"timestamp":"2025-06-27T15:38:18.654Z","level":"info","message":"Resource stats collected","stats":{"cpu":4.7,"memory":{"total":7953,"used":3376,"free":3381,"percentage":42.449390167232494},"activeTools":[],"lastUpdated":"2025-06-27T15:38:18.654Z"}}
{"timestamp":"2025-06-27T15:38:23.677Z","level":"info","message":"Resource stats collected","stats":{"cpu":3.2,"memory":{"total":7953,"used":3376,"free":3382,"percentage":42.449390167232494},"activeTools":[],"lastUpdated":"2025-06-27T15:38:23.677Z"}}
{"timestamp":"2025-06-27T15:38:27.026Z","level":"info","message":"Resource stats collected","stats":{"cpu":3.3,"memory":{"total":7953,"used":3211,"free":3633,"percentage":40.37470137055199},"activeTools":[],"lastUpdated":"2025-06-27T15:38:27.026Z"}}
{"timestamp":"2025-06-27T15:39:27.452Z","level":"info","message":"Resource stats collected","stats":{"cpu":6.3,"memory":{"total":7953,"used":3208,"free":3635,"percentage":40.336979756066896},"activeTools":[],"lastUpdated":"2025-06-27T15:39:27.452Z"}}
{"timestamp":"2025-06-27T15:40:26.280Z","level":"info","message":"Resource stats collected","stats":{"cpu":6.7,"memory":{"total":7953,"used":3203,"free":3639,"percentage":40.27411039859173},"activeTools":[],"lastUpdated":"2025-06-27T15:40:26.280Z"}}
{"timestamp":"2025-06-27T15:41:26.170Z","level":"info","message":"Resource stats collected","stats":{"cpu":6.3,"memory":{"total":7953,"used":3202,"free":3639,"percentage":40.261536527096695},"activeTools":[],"lastUpdated":"2025-06-27T15:41:26.170Z"}}
{"timestamp":"2025-06-27T15:42:27.598Z","level":"info","message":"Resource stats collected","stats":{"cpu":1.6,"memory":{"total":7953,"used":3193,"free":3647,"percentage":40.14837168364139},"activeTools":[],"lastUpdated":"2025-06-27T15:42:27.598Z"}}
{"timestamp":"2025-06-27T15:43:26.331Z","level":"info","message":"Resource stats collected","stats":{"cpu":4.8,"memory":{"total":7953,"used":3186,"free":3654,"percentage":40.060354583176164},"activeTools":[],"lastUpdated":"2025-06-27T15:43:26.331Z"}}
{"timestamp":"2025-06-27T15:44:26.637Z","level":"info","message":"Resource stats collected","stats":{"cpu":1.7,"memory":{"total":7953,"used":3184,"free":3655,"percentage":40.03520684018609},"activeTools":[],"lastUpdated":"2025-06-27T15:44:26.637Z"}}
{"timestamp":"2025-06-27T15:45:26.613Z","level":"info","message":"Resource stats collected","stats":{"cpu":3.3,"memory":{"total":7953,"used":3199,"free":3639,"percentage":40.223814912611594},"activeTools":[],"lastUpdated":"2025-06-27T15:45:26.613Z"}}
{"timestamp":"2025-06-27T15:45:54.429Z","level":"info","message":"Resource stats collected","stats":{"cpu":1.7,"memory":{"total":7953,"used":3190,"free":3647,"percentage":40.11065006915629},"activeTools":[],"lastUpdated":"2025-06-27T15:45:54.429Z"}}
{"timestamp":"2025-06-27T15:45:58.716Z","level":"info","message":"Resource stats collected","stats":{"cpu":41,"memory":{"total":7953,"used":3206,"free":3630,"percentage":40.311832013076824},"activeTools":[],"lastUpdated":"2025-06-27T15:45:58.716Z"}}
{"timestamp":"2025-06-27T15:46:04.756Z","level":"info","message":"Resource stats collected","stats":{"cpu":1.6,"memory":{"total":7953,"used":3165,"free":3672,"percentage":39.79630328178046},"activeTools":[],"lastUpdated":"2025-06-27T15:46:04.755Z"}}
{"timestamp":"2025-06-27T15:46:06.806Z","level":"info","message":"Resource stats collected","stats":{"cpu":8.3,"memory":{"total":7953,"used":3338,"free":3482,"percentage":41.97158305042122},"activeTools":[],"lastUpdated":"2025-06-27T15:46:06.806Z"}}
{"timestamp":"2025-06-27T15:46:09.759Z","level":"info","message":"Resource stats collected","stats":{"cpu":6.6,"memory":{"total":7953,"used":3359,"free":3461,"percentage":42.23563435181693},"activeTools":[],"lastUpdated":"2025-06-27T15:46:09.759Z"}}
{"timestamp":"2025-06-27T15:46:12.066Z","level":"info","message":"Resource stats collected","stats":{"cpu":3.3,"memory":{"total":7953,"used":3377,"free":3443,"percentage":42.46196403872752},"activeTools":[],"lastUpdated":"2025-06-27T15:46:12.066Z"}}
{"timestamp":"2025-06-27T15:46:14.429Z","level":"info","message":"Resource stats collected","stats":{"cpu":14.3,"memory":{"total":7953,"used":3389,"free":3436,"percentage":42.612850496667924},"activeTools":[],"lastUpdated":"2025-06-27T15:46:14.429Z"}}
{"timestamp":"2025-06-27T15:46:17.051Z","level":"info","message":"Resource stats collected","stats":{"cpu":5,"memory":{"total":7953,"used":3396,"free":3429,"percentage":42.700867597133154},"activeTools":[],"lastUpdated":"2025-06-27T15:46:17.051Z"}}
{"timestamp":"2025-06-27T15:46:17.770Z","level":"info","message":"Resource stats collected","stats":{"cpu":42.6,"memory":{"total":7953,"used":3398,"free":3426,"percentage":42.726015340123226},"activeTools":[],"lastUpdated":"2025-06-27T15:46:17.770Z"}}
{"timestamp":"2025-06-27T15:46:19.529Z","level":"info","message":"Resource stats collected","stats":{"cpu":3.3,"memory":{"total":7953,"used":3396,"free":3429,"percentage":42.700867597133154},"activeTools":[],"lastUpdated":"2025-06-27T15:46:19.529Z"}}
{"timestamp":"2025-06-27T15:46:22.076Z","level":"info","message":"Resource stats collected","stats":{"cpu":3.2,"memory":{"total":7953,"used":3399,"free":3426,"percentage":42.738589211618255},"activeTools":[],"lastUpdated":"2025-06-27T15:46:22.076Z"}}
{"timestamp":"2025-06-27T15:46:23.731Z","level":"info","message":"Resource stats collected","stats":{"cpu":4.9,"memory":{"total":7953,"used":3406,"free":3419,"percentage":42.82660631208349},"activeTools":[],"lastUpdated":"2025-06-27T15:46:23.731Z"}}
{"timestamp":"2025-06-27T15:46:24.400Z","level":"info","message":"Resource stats collected","stats":{"cpu":3.3,"memory":{"total":7953,"used":3386,"free":3439,"percentage":42.575128882182824},"activeTools":[],"lastUpdated":"2025-06-27T15:46:24.400Z"}}
{"timestamp":"2025-06-27T15:46:27.077Z","level":"info","message":"Resource stats collected","stats":{"cpu":9.8,"memory":{"total":7953,"used":3403,"free":3421,"percentage":42.78888469759839},"activeTools":[],"lastUpdated":"2025-06-27T15:46:27.077Z"}}
{"timestamp":"2025-06-27T15:46:28.755Z","level":"info","message":"Resource stats collected","stats":{"cpu":1.7,"memory":{"total":7953,"used":3406,"free":3418,"percentage":42.82660631208349},"activeTools":[],"lastUpdated":"2025-06-27T15:46:28.755Z"}}
{"timestamp":"2025-06-27T15:46:29.788Z","level":"info","message":"Resource stats collected","stats":{"cpu":1.7,"memory":{"total":7953,"used":3408,"free":3417,"percentage":42.85175405507356},"activeTools":[],"lastUpdated":"2025-06-27T15:46:29.788Z"}}
{"timestamp":"2025-06-27T15:46:32.060Z","level":"info","message":"Resource stats collected","stats":{"cpu":4.9,"memory":{"total":7953,"used":3425,"free":3400,"percentage":43.06550987048912},"activeTools":[],"lastUpdated":"2025-06-27T15:46:32.060Z"}}
{"timestamp":"2025-06-27T15:46:33.742Z","level":"info","message":"Resource stats collected","stats":{"cpu":3.3,"memory":{"total":7953,"used":3216,"free":3620,"percentage":40.43757072802716},"activeTools":[],"lastUpdated":"2025-06-27T15:46:33.742Z"}}
{"timestamp":"2025-06-27T15:46:34.715Z","level":"info","message":"Resource stats collected","stats":{"cpu":4.8,"memory":{"total":7953,"used":3200,"free":3636,"percentage":40.23638878410662},"activeTools":[],"lastUpdated":"2025-06-27T15:46:34.715Z"}}
{"timestamp":"2025-06-27T15:46:38.745Z","level":"info","message":"Resource stats collected","stats":{"cpu":1.6,"memory":{"total":7953,"used":3206,"free":3629,"percentage":40.311832013076824},"activeTools":[],"lastUpdated":"2025-06-27T15:46:38.745Z"}}
{"timestamp":"2025-06-27T15:46:39.731Z","level":"info","message":"Resource stats collected","stats":{"cpu":0,"memory":{"total":7953,"used":3209,"free":3626,"percentage":40.349553627561924},"activeTools":[],"lastUpdated":"2025-06-27T15:46:39.731Z"}}
{"timestamp":"2025-06-27T15:46:43.717Z","level":"info","message":"Resource stats collected","stats":{"cpu":1.6,"memory":{"total":7953,"used":3214,"free":3621,"percentage":40.4124229850371},"activeTools":[],"lastUpdated":"2025-06-27T15:46:43.717Z"}}
{"timestamp":"2025-06-27T15:46:44.734Z","level":"info","message":"Resource stats collected","stats":{"cpu":3.3,"memory":{"total":7953,"used":3218,"free":3617,"percentage":40.462718471017226},"activeTools":[],"lastUpdated":"2025-06-27T15:46:44.734Z"}}
{"timestamp":"2025-06-27T15:46:48.414Z","level":"info","message":"Resource stats collected","stats":{"cpu":3.2,"memory":{"total":7953,"used":3230,"free":3605,"percentage":40.61360492895763},"activeTools":[],"lastUpdated":"2025-06-27T15:46:48.414Z"}}
{"timestamp":"2025-06-27T15:46:49.923Z","level":"info","message":"Resource stats collected","stats":{"cpu":1.7,"memory":{"total":7953,"used":3235,"free":3600,"percentage":40.67647428643279},"activeTools":[],"lastUpdated":"2025-06-27T15:46:49.923Z"}}
{"timestamp":"2025-06-27T15:46:53.306Z","level":"info","message":"Resource stats collected","stats":{"cpu":1.6,"memory":{"total":7953,"used":3246,"free":3589,"percentage":40.81478687287816},"activeTools":[],"lastUpdated":"2025-06-27T15:46:53.306Z"}}
{"timestamp":"2025-06-27T15:46:54.766Z","level":"info","message":"Resource stats collected","stats":{"cpu":3.3,"memory":{"total":7953,"used":3226,"free":3609,"percentage":40.56330944297749},"activeTools":[],"lastUpdated":"2025-06-27T15:46:54.766Z"}}
{"timestamp":"2025-06-27T15:46:58.744Z","level":"info","message":"Resource stats collected","stats":{"cpu":3.3,"memory":{"total":7953,"used":3242,"free":3592,"percentage":40.76449138689803},"activeTools":[],"lastUpdated":"2025-06-27T15:46:58.744Z"}}
{"timestamp":"2025-06-27T15:47:00.119Z","level":"info","message":"Resource stats collected","stats":{"cpu":3.2,"memory":{"total":7953,"used":3220,"free":3615,"percentage":40.4878662140073},"activeTools":[],"lastUpdated":"2025-06-27T15:47:00.119Z"}}
{"timestamp":"2025-06-27T15:47:03.724Z","level":"info","message":"Resource stats collected","stats":{"cpu":1.6,"memory":{"total":7953,"used":3205,"free":3629,"percentage":40.299258141581795},"activeTools":[],"lastUpdated":"2025-06-27T15:47:03.724Z"}}
{"timestamp":"2025-06-27T15:47:04.727Z","level":"info","message":"Resource stats collected","stats":{"cpu":0,"memory":{"total":7953,"used":3214,"free":3621,"percentage":40.4124229850371},"activeTools":[],"lastUpdated":"2025-06-27T15:47:04.727Z"}}
{"timestamp":"2025-06-27T15:47:08.747Z","level":"info","message":"Resource stats collected","stats":{"cpu":0,"memory":{"total":7953,"used":3223,"free":3611,"percentage":40.52558782849239},"activeTools":[],"lastUpdated":"2025-06-27T15:47:08.747Z"}}
{"timestamp":"2025-06-27T15:47:09.702Z","level":"info","message":"Resource stats collected","stats":{"cpu":15,"memory":{"total":7953,"used":3226,"free":3609,"percentage":40.56330944297749},"activeTools":[],"lastUpdated":"2025-06-27T15:47:09.702Z"}}
{"timestamp":"2025-06-27T15:47:13.909Z","level":"info","message":"Resource stats collected","stats":{"cpu":1.7,"memory":{"total":7953,"used":3232,"free":3602,"percentage":40.63875267194769},"activeTools":[],"lastUpdated":"2025-06-27T15:47:13.909Z"}}
{"timestamp":"2025-06-27T15:47:14.738Z","level":"info","message":"Resource stats collected","stats":{"cpu":3.3,"memory":{"total":7953,"used":3234,"free":3600,"percentage":40.66390041493776},"activeTools":[],"lastUpdated":"2025-06-27T15:47:14.738Z"}}
{"timestamp":"2025-06-27T15:47:18.755Z","level":"info","message":"Resource stats collected","stats":{"cpu":14.8,"memory":{"total":7953,"used":3223,"free":3608,"percentage":40.52558782849239},"activeTools":[],"lastUpdated":"2025-06-27T15:47:18.755Z"}}
{"timestamp":"2025-06-27T15:47:19.715Z","level":"info","message":"Resource stats collected","stats":{"cpu":6.3,"memory":{"total":7953,"used":3241,"free":3590,"percentage":40.751917515402994},"activeTools":[],"lastUpdated":"2025-06-27T15:47:19.715Z"}}
{"timestamp":"2025-06-27T15:47:23.725Z","level":"info","message":"Resource stats collected","stats":{"cpu":3.3,"memory":{"total":7953,"used":3254,"free":3576,"percentage":40.915377844838424},"activeTools":[],"lastUpdated":"2025-06-27T15:47:23.725Z"}}
{"timestamp":"2025-06-27T15:47:24.729Z","level":"info","message":"Resource stats collected","stats":{"cpu":3.3,"memory":{"total":7953,"used":3262,"free":3568,"percentage":41.01596881679869},"activeTools":[],"lastUpdated":"2025-06-27T15:47:24.729Z"}}
{"timestamp":"2025-06-27T15:47:28.693Z","level":"info","message":"Resource stats collected","stats":{"cpu":25,"memory":{"total":7953,"used":3242,"free":3588,"percentage":40.76449138689803},"activeTools":[],"lastUpdated":"2025-06-27T15:47:28.693Z"}}
{"timestamp":"2025-06-27T15:47:29.746Z","level":"info","message":"Resource stats collected","stats":{"cpu":0,"memory":{"total":7953,"used":3433,"free":3397,"percentage":43.16610084244939},"activeTools":[],"lastUpdated":"2025-06-27T15:47:29.746Z"}}
{"timestamp":"2025-06-27T15:47:33.766Z","level":"info","message":"Resource stats collected","stats":{"cpu":0,"memory":{"total":7953,"used":3426,"free":3404,"percentage":43.07808374198416},"activeTools":[],"lastUpdated":"2025-06-27T15:47:33.766Z"}}
{"timestamp":"2025-06-27T15:47:34.850Z","level":"info","message":"Resource stats collected","stats":{"cpu":3.3,"memory":{"total":7953,"used":3464,"free":3366,"percentage":43.55589085879542},"activeTools":[],"lastUpdated":"2025-06-27T15:47:34.850Z"}}
{"timestamp":"2025-06-27T15:47:38.730Z","level":"info","message":"Resource stats collected","stats":{"cpu":3.3,"memory":{"total":7953,"used":3455,"free":3375,"percentage":43.44272601534012},"activeTools":[],"lastUpdated":"2025-06-27T15:47:38.730Z"}}
{"timestamp":"2025-06-27T15:47:39.727Z","level":"info","message":"Resource stats collected","stats":{"cpu":1.6,"memory":{"total":7953,"used":3438,"free":3392,"percentage":43.228970199924554},"activeTools":[],"lastUpdated":"2025-06-27T15:47:39.727Z"}}
{"timestamp":"2025-06-27T15:47:43.761Z","level":"info","message":"Resource stats collected","stats":{"cpu":1.7,"memory":{"total":7953,"used":3445,"free":3384,"percentage":43.31698730038979},"activeTools":[],"lastUpdated":"2025-06-27T15:47:43.761Z"}}
{"timestamp":"2025-06-27T15:47:48.752Z","level":"info","message":"Resource stats collected","stats":{"cpu":3.3,"memory":{"total":7953,"used":3457,"free":3373,"percentage":43.467873758330185},"activeTools":[],"lastUpdated":"2025-06-27T15:47:48.752Z"}}
{"timestamp":"2025-06-27T15:47:53.758Z","level":"info","message":"Resource stats collected","stats":{"cpu":1.6,"memory":{"total":7953,"used":3432,"free":3397,"percentage":43.15352697095436},"activeTools":[],"lastUpdated":"2025-06-27T15:47:53.758Z"}}
{"timestamp":"2025-06-27T15:48:13.377Z","level":"info","message":"Resource stats collected","stats":{"cpu":11.3,"memory":{"total":7953,"used":3547,"free":3264,"percentage":44.59952219288319},"activeTools":[],"lastUpdated":"2025-06-27T15:48:13.377Z"}}
{"timestamp":"2025-06-27T15:48:18.649Z","level":"info","message":"Resource stats collected","stats":{"cpu":6.3,"memory":{"total":7953,"used":3567,"free":3244,"percentage":44.85099962278385},"activeTools":[],"lastUpdated":"2025-06-27T15:48:18.649Z"}}
{"timestamp":"2025-06-27T15:55:50.712Z","level":"info","message":"Resource stats collected","stats":{"cpu":1.6,"memory":{"total":7953,"used":3814,"free":2929,"percentage":47.956745882057085},"activeTools":[],"lastUpdated":"2025-06-27T15:55:50.712Z"}}
{"timestamp":"2025-06-27T15:56:03.269Z","level":"info","message":"Resource stats collected","stats":{"cpu":3.2,"memory":{"total":7953,"used":3738,"free":3006,"percentage":47.00113164843455},"activeTools":[],"lastUpdated":"2025-06-27T15:56:03.269Z"}}
{"timestamp":"2025-06-27T15:56:11.788Z","level":"info","message":"Resource stats collected","stats":{"cpu":3.3,"memory":{"total":7953,"used":3726,"free":3017,"percentage":46.85024519049416},"activeTools":[],"lastUpdated":"2025-06-27T15:56:11.788Z"}}
{"timestamp":"2025-06-27T15:56:16.678Z","level":"info","message":"Resource stats collected","stats":{"cpu":23.7,"memory":{"total":7953,"used":3762,"free":2982,"percentage":47.30290456431535},"activeTools":[],"lastUpdated":"2025-06-27T15:56:16.678Z"}}
{"timestamp":"2025-06-27T15:56:21.693Z","level":"info","message":"Resource stats collected","stats":{"cpu":20,"memory":{"total":7953,"used":3752,"free":2991,"percentage":47.177165849365025},"activeTools":[],"lastUpdated":"2025-06-27T15:56:21.693Z"}}
{"timestamp":"2025-06-27T15:56:26.492Z","level":"info","message":"Resource stats collected","stats":{"cpu":21.7,"memory":{"total":7953,"used":3835,"free":2908,"percentage":48.22079718345279},"activeTools":[],"lastUpdated":"2025-06-27T15:56:26.492Z"}}
{"timestamp":"2025-06-27T15:56:31.798Z","level":"info","message":"Resource stats collected","stats":{"cpu":6.6,"memory":{"total":7953,"used":3788,"free":2954,"percentage":47.62982522318622},"activeTools":[],"lastUpdated":"2025-06-27T15:56:31.798Z"}}
{"timestamp":"2025-06-27T15:56:36.844Z","level":"info","message":"Resource stats collected","stats":{"cpu":3.3,"memory":{"total":7953,"used":3841,"free":2902,"percentage":48.29624041242299},"activeTools":[],"lastUpdated":"2025-06-27T15:56:36.844Z"}}
{"timestamp":"2025-06-27T15:56:41.321Z","level":"info","message":"Resource stats collected","stats":{"cpu":1.6,"memory":{"total":7953,"used":3801,"free":2941,"percentage":47.79328555262165},"activeTools":[],"lastUpdated":"2025-06-27T15:56:41.321Z"}}
{"timestamp":"2025-06-27T15:56:45.453Z","level":"info","message":"Resource stats collected","stats":{"cpu":1.7,"memory":{"total":7953,"used":3801,"free":2942,"percentage":47.79328555262165},"activeTools":[],"lastUpdated":"2025-06-27T15:56:45.453Z"}}
{"timestamp":"2025-06-27T15:56:49.071Z","level":"info","message":"Resource stats collected","stats":{"cpu":0,"memory":{"total":7953,"used":3771,"free":2972,"percentage":47.41606940777065},"activeTools":[],"lastUpdated":"2025-06-27T15:56:49.071Z"}}
{"timestamp":"2025-06-27T15:56:55.262Z","level":"info","message":"Resource stats collected","stats":{"cpu":3.3,"memory":{"total":7953,"used":3800,"free":2942,"percentage":47.78071168112662},"activeTools":[],"lastUpdated":"2025-06-27T15:56:55.262Z"}}
{"timestamp":"2025-06-27T15:57:01.663Z","level":"info","message":"Resource stats collected","stats":{"cpu":0,"memory":{"total":7953,"used":3807,"free":2935,"percentage":47.868728781591855},"activeTools":[],"lastUpdated":"2025-06-27T15:57:01.663Z"}}
{"timestamp":"2025-06-27T15:57:08.096Z","level":"info","message":"Resource stats collected","stats":{"cpu":1.7,"memory":{"total":7953,"used":3818,"free":2924,"percentage":48.00704136803722},"activeTools":[],"lastUpdated":"2025-06-27T15:57:08.096Z"}}
{"timestamp":"2025-06-27T15:57:14.029Z","level":"info","message":"Resource stats collected","stats":{"cpu":1.7,"memory":{"total":7953,"used":3812,"free":2929,"percentage":47.93159813906701},"activeTools":[],"lastUpdated":"2025-06-27T15:57:14.029Z"}}
{"timestamp":"2025-06-27T15:57:22.025Z","level":"info","message":"Resource stats collected","stats":{"cpu":4.9,"memory":{"total":7953,"used":3782,"free":2959,"percentage":47.55438199421602},"activeTools":[],"lastUpdated":"2025-06-27T15:57:22.025Z"}}
{"timestamp":"2025-06-27T15:57:30.812Z","level":"info","message":"Resource stats collected","stats":{"cpu":5.1,"memory":{"total":7953,"used":4474,"free":2267,"percentage":56.25550106877908},"activeTools":[],"lastUpdated":"2025-06-27T15:57:30.812Z"}}
{"timestamp":"2025-06-27T15:57:36.250Z","level":"info","message":"Resource stats collected","stats":{"cpu":1.7,"memory":{"total":7953,"used":4509,"free":2233,"percentage":56.69558657110524},"activeTools":[],"lastUpdated":"2025-06-27T15:57:36.250Z"}}
{"timestamp":"2025-06-27T15:57:41.694Z","level":"info","message":"Resource stats collected","stats":{"cpu":1.7,"memory":{"total":7953,"used":4534,"free":2207,"percentage":57.00993335848108},"activeTools":[],"lastUpdated":"2025-06-27T15:57:41.694Z"}}
{"timestamp":"2025-06-27T15:57:48.583Z","level":"info","message":"Resource stats collected","stats":{"cpu":1.6,"memory":{"total":7953,"used":4541,"free":2200,"percentage":57.097950458946315},"activeTools":[],"lastUpdated":"2025-06-27T15:57:48.583Z"}}
{"timestamp":"2025-06-27T15:57:53.223Z","level":"info","message":"Resource stats collected","stats":{"cpu":6.6,"memory":{"total":7953,"used":4482,"free":2259,"percentage":56.35609204073935},"activeTools":[],"lastUpdated":"2025-06-27T15:57:53.223Z"}}
{"timestamp":"2025-06-27T15:57:58.365Z","level":"info","message":"Resource stats collected","stats":{"cpu":3.3,"memory":{"total":7953,"used":4512,"free":2228,"percentage":56.733308185590346},"activeTools":[],"lastUpdated":"2025-06-27T15:57:58.365Z"}}
{"timestamp":"2025-06-27T15:58:02.954Z","level":"info","message":"Resource stats collected","stats":{"cpu":3.3,"memory":{"total":7953,"used":4563,"free":2178,"percentage":57.37457563183705},"activeTools":[],"lastUpdated":"2025-06-27T15:58:02.954Z"}}
{"timestamp":"2025-06-27T15:58:07.512Z","level":"info","message":"Resource stats collected","stats":{"cpu":3.3,"memory":{"total":7953,"used":4530,"free":2211,"percentage":56.95963787250095},"activeTools":[],"lastUpdated":"2025-06-27T15:58:07.512Z"}}
{"timestamp":"2025-06-27T15:58:13.866Z","level":"info","message":"Resource stats collected","stats":{"cpu":3.3,"memory":{"total":7953,"used":4541,"free":2199,"percentage":57.097950458946315},"activeTools":[],"lastUpdated":"2025-06-27T15:58:13.866Z"}}
{"timestamp":"2025-06-27T15:58:21.335Z","level":"info","message":"Resource stats collected","stats":{"cpu":3.3,"memory":{"total":7953,"used":4570,"free":2171,"percentage":57.46259273230228},"activeTools":[],"lastUpdated":"2025-06-27T15:58:21.335Z"}}
{"timestamp":"2025-06-27T15:58:28.255Z","level":"info","message":"Resource stats collected","stats":{"cpu":29.5,"memory":{"total":7953,"used":4561,"free":2180,"percentage":57.34942788884697},"activeTools":[],"lastUpdated":"2025-06-27T15:58:28.255Z"}}
{"timestamp":"2025-06-27T15:58:29.278Z","level":"info","message":"Resource stats collected","stats":{"cpu":3.3,"memory":{"total":7953,"used":4542,"free":2198,"percentage":57.11052433044135},"activeTools":[],"lastUpdated":"2025-06-27T15:58:29.278Z"}}
{"timestamp":"2025-06-27T15:58:35.655Z","level":"info","message":"Resource stats collected","stats":{"cpu":0,"memory":{"total":7953,"used":4584,"free":2155,"percentage":57.63862693323274},"activeTools":[],"lastUpdated":"2025-06-27T15:58:35.655Z"}}
{"timestamp":"2025-06-27T15:58:42.768Z","level":"info","message":"Resource stats collected","stats":{"cpu":1.7,"memory":{"total":7953,"used":4548,"free":2192,"percentage":57.185967559411544},"activeTools":[],"lastUpdated":"2025-06-27T15:58:42.768Z"}}
{"timestamp":"2025-06-27T15:58:43.189Z","level":"info","message":"Resource stats collected","stats":{"cpu":1.7,"memory":{"total":7953,"used":4547,"free":2193,"percentage":57.17339368791651},"activeTools":[],"lastUpdated":"2025-06-27T15:58:43.188Z"}}
{"timestamp":"2025-06-27T15:59:14.255Z","level":"info","message":"Resource stats collected","stats":{"cpu":3.3,"memory":{"total":7953,"used":4508,"free":2232,"percentage":56.68301269961022},"activeTools":[],"lastUpdated":"2025-06-27T15:59:14.255Z"}}
{"timestamp":"2025-06-27T16:00:35.987Z","level":"info","message":"Resource stats collected","stats":{"cpu":47.5,"memory":{"total":7953,"used":4669,"free":2071,"percentage":58.70740601031057},"activeTools":[],"lastUpdated":"2025-06-27T16:00:35.987Z"}}
{"timestamp":"2025-06-27T16:00:41.708Z","level":"info","message":"Resource stats collected","stats":{"cpu":1.7,"memory":{"total":7953,"used":4674,"free":2066,"percentage":58.77027536778574},"activeTools":[],"lastUpdated":"2025-06-27T16:00:41.708Z"}}
{"timestamp":"2025-06-27T16:00:46.653Z","level":"info","message":"Resource stats collected","stats":{"cpu":3.3,"memory":{"total":7953,"used":4672,"free":2068,"percentage":58.74512762479568},"activeTools":[],"lastUpdated":"2025-06-27T16:00:46.653Z"}}
{"timestamp":"2025-06-27T16:00:51.542Z","level":"info","message":"Resource stats collected","stats":{"cpu":1.7,"memory":{"total":7953,"used":4664,"free":2076,"percentage":58.64453665283541},"activeTools":[],"lastUpdated":"2025-06-27T16:00:51.542Z"}}
{"timestamp":"2025-06-27T16:00:56.645Z","level":"info","message":"Resource stats collected","stats":{"cpu":1.6,"memory":{"total":7953,"used":4680,"free":2059,"percentage":58.84571859675594},"activeTools":[],"lastUpdated":"2025-06-27T16:00:56.645Z"}}
{"timestamp":"2025-06-27T16:01:01.878Z","level":"info","message":"Resource stats collected","stats":{"cpu":1.7,"memory":{"total":7953,"used":4658,"free":2081,"percentage":58.569093423865205},"activeTools":[],"lastUpdated":"2025-06-27T16:01:01.878Z"}}
{"timestamp":"2025-06-27T16:01:06.664Z","level":"info","message":"Resource stats collected","stats":{"cpu":3.3,"memory":{"total":7953,"used":4675,"free":2064,"percentage":58.78284923928078},"activeTools":[],"lastUpdated":"2025-06-27T16:01:06.664Z"}}
{"timestamp":"2025-06-27T16:01:11.765Z","level":"info","message":"Resource stats collected","stats":{"cpu":3.2,"memory":{"total":7953,"used":4676,"free":2063,"percentage":58.795423110775815},"activeTools":[],"lastUpdated":"2025-06-27T16:01:11.765Z"}}
{"timestamp":"2025-06-27T16:01:16.713Z","level":"info","message":"Resource stats collected","stats":{"cpu":3.3,"memory":{"total":7953,"used":4692,"free":2047,"percentage":58.99660505469634},"activeTools":[],"lastUpdated":"2025-06-27T16:01:16.713Z"}}
{"timestamp":"2025-06-27T16:01:21.681Z","level":"info","message":"Resource stats collected","stats":{"cpu":0,"memory":{"total":7953,"used":4673,"free":2066,"percentage":58.75770149629071},"activeTools":[],"lastUpdated":"2025-06-27T16:01:21.681Z"}}
{"timestamp":"2025-06-27T16:01:26.872Z","level":"info","message":"Resource stats collected","stats":{"cpu":5,"memory":{"total":7953,"used":4693,"free":2046,"percentage":59.009178926191375},"activeTools":[],"lastUpdated":"2025-06-27T16:01:26.872Z"}}
{"timestamp":"2025-06-27T16:01:31.647Z","level":"info","message":"Resource stats collected","stats":{"cpu":1.6,"memory":{"total":7953,"used":4690,"free":2048,"percentage":58.971457311706274},"activeTools":[],"lastUpdated":"2025-06-27T16:01:31.647Z"}}
{"timestamp":"2025-06-27T16:01:36.683Z","level":"info","message":"Resource stats collected","stats":{"cpu":0,"memory":{"total":7953,"used":4695,"free":2044,"percentage":59.03432666918144},"activeTools":[],"lastUpdated":"2025-06-27T16:01:36.683Z"}}
{"timestamp":"2025-06-27T16:01:41.697Z","level":"info","message":"Resource stats collected","stats":{"cpu":1.7,"memory":{"total":7953,"used":4687,"free":2052,"percentage":58.93373569722118},"activeTools":[],"lastUpdated":"2025-06-27T16:01:41.697Z"}}
{"timestamp":"2025-06-27T16:01:46.684Z","level":"info","message":"Resource stats collected","stats":{"cpu":0,"memory":{"total":7953,"used":4671,"free":2068,"percentage":58.73255375330064},"activeTools":[],"lastUpdated":"2025-06-27T16:01:46.684Z"}}
{"timestamp":"2025-06-27T16:02:25.873Z","level":"info","message":"Resource stats collected","stats":{"cpu":6.7,"memory":{"total":7953,"used":4426,"free":2312,"percentage":55.65195523701748},"activeTools":[],"lastUpdated":"2025-06-27T16:02:25.873Z"}}
{"timestamp":"2025-06-27T16:03:26.859Z","level":"info","message":"Resource stats collected","stats":{"cpu":0,"memory":{"total":7953,"used":4492,"free":2245,"percentage":56.48183075568968},"activeTools":[],"lastUpdated":"2025-06-27T16:03:26.859Z"}}
{"timestamp":"2025-06-27T16:04:26.141Z","level":"info","message":"Resource stats collected","stats":{"cpu":3.3,"memory":{"total":7953,"used":4431,"free":2305,"percentage":55.71482459449264},"activeTools":[],"lastUpdated":"2025-06-27T16:04:26.141Z"}}
{"timestamp":"2025-06-27T16:05:25.897Z","level":"info","message":"Resource stats collected","stats":{"cpu":3.3,"memory":{"total":7953,"used":4417,"free":2320,"percentage":55.538790393562174},"activeTools":[],"lastUpdated":"2025-06-27T16:05:25.897Z"}}
{"timestamp":"2025-06-27T16:06:25.852Z","level":"info","message":"Resource stats collected","stats":{"cpu":3.2,"memory":{"total":7953,"used":4398,"free":2338,"percentage":55.29988683515654},"activeTools":[],"lastUpdated":"2025-06-27T16:06:25.852Z"}}
{"timestamp":"2025-06-27T16:07:25.954Z","level":"info","message":"Resource stats collected","stats":{"cpu":3.3,"memory":{"total":7953,"used":4380,"free":2356,"percentage":55.073557148245946},"activeTools":[],"lastUpdated":"2025-06-27T16:07:25.954Z"}}
{"timestamp":"2025-06-27T16:08:15.491Z","level":"info","message":"Resource stats collected","stats":{"cpu":1.6,"memory":{"total":7953,"used":4353,"free":2383,"percentage":54.73406261788004},"activeTools":[],"lastUpdated":"2025-06-27T16:08:15.491Z"}}
{"timestamp":"2025-06-27T16:08:16.418Z","level":"info","message":"Resource stats collected","stats":{"cpu":1.7,"memory":{"total":7953,"used":4367,"free":2370,"percentage":54.910096818810516},"activeTools":[],"lastUpdated":"2025-06-27T16:08:16.418Z"}}
{"timestamp":"2025-06-27T16:08:21.844Z","level":"info","message":"Resource stats collected","stats":{"cpu":3.2,"memory":{"total":7953,"used":4376,"free":2360,"percentage":55.02326166226581},"activeTools":[],"lastUpdated":"2025-06-27T16:08:21.844Z"}}
{"timestamp":"2025-06-27T16:08:26.680Z","level":"info","message":"Resource stats collected","stats":{"cpu":3.3,"memory":{"total":7953,"used":4385,"free":2351,"percentage":55.13642650572111},"activeTools":[],"lastUpdated":"2025-06-27T16:08:26.680Z"}}
{"timestamp":"2025-06-27T16:08:31.862Z","level":"info","message":"Resource stats collected","stats":{"cpu":3.3,"memory":{"total":7953,"used":4387,"free":2349,"percentage":55.161574248711176},"activeTools":[],"lastUpdated":"2025-06-27T16:08:31.862Z"}}
{"timestamp":"2025-06-27T16:08:36.745Z","level":"info","message":"Resource stats collected","stats":{"cpu":3.3,"memory":{"total":7953,"used":4390,"free":2347,"percentage":55.19929586319628},"activeTools":[],"lastUpdated":"2025-06-27T16:08:36.745Z"}}
{"timestamp":"2025-06-27T16:08:41.678Z","level":"info","message":"Resource stats collected","stats":{"cpu":3.3,"memory":{"total":7953,"used":4372,"free":2365,"percentage":54.972966176285674},"activeTools":[],"lastUpdated":"2025-06-27T16:08:41.678Z"}}
{"timestamp":"2025-06-27T16:08:46.731Z","level":"info","message":"Resource stats collected","stats":{"cpu":3.3,"memory":{"total":7953,"used":4382,"free":2354,"percentage":55.09870489123602},"activeTools":[],"lastUpdated":"2025-06-27T16:08:46.731Z"}}
{"timestamp":"2025-06-27T16:08:51.842Z","level":"info","message":"Resource stats collected","stats":{"cpu":3.3,"memory":{"total":7953,"used":4392,"free":2344,"percentage":55.22444360618635},"activeTools":[],"lastUpdated":"2025-06-27T16:08:51.842Z"}}
{"timestamp":"2025-06-27T16:08:56.682Z","level":"info","message":"Resource stats collected","stats":{"cpu":1.6,"memory":{"total":7953,"used":4398,"free":2338,"percentage":55.29988683515654},"activeTools":[],"lastUpdated":"2025-06-27T16:08:56.682Z"}}
{"timestamp":"2025-06-27T16:09:01.700Z","level":"info","message":"Resource stats collected","stats":{"cpu":1.6,"memory":{"total":7953,"used":4380,"free":2356,"percentage":55.073557148245946},"activeTools":[],"lastUpdated":"2025-06-27T16:09:01.700Z"}}
{"timestamp":"2025-06-27T16:09:06.695Z","level":"info","message":"Resource stats collected","stats":{"cpu":4.8,"memory":{"total":7953,"used":4381,"free":2355,"percentage":55.08613101974098},"activeTools":[],"lastUpdated":"2025-06-27T16:09:06.695Z"}}
{"timestamp":"2025-06-27T16:09:11.712Z","level":"info","message":"Resource stats collected","stats":{"cpu":6.6,"memory":{"total":7953,"used":4381,"free":2355,"percentage":55.08613101974098},"activeTools":[],"lastUpdated":"2025-06-27T16:09:11.712Z"}}
{"timestamp":"2025-06-27T16:09:16.879Z","level":"info","message":"Resource stats collected","stats":{"cpu":3.2,"memory":{"total":7953,"used":4390,"free":2346,"percentage":55.19929586319628},"activeTools":[],"lastUpdated":"2025-06-27T16:09:16.879Z"}}
{"timestamp":"2025-06-27T16:09:25.676Z","level":"info","message":"Resource stats collected","stats":{"cpu":6.6,"memory":{"total":7953,"used":4374,"free":2363,"percentage":54.998113919275745},"activeTools":[],"lastUpdated":"2025-06-27T16:09:25.676Z"}}
{"timestamp":"2025-06-27T16:10:25.926Z","level":"info","message":"Resource stats collected","stats":{"cpu":3.4,"memory":{"total":7953,"used":4357,"free":2379,"percentage":54.78435810386018},"activeTools":[],"lastUpdated":"2025-06-27T16:10:25.926Z"}}
{"timestamp":"2025-06-27T16:10:37.731Z","level":"info","message":"Resource stats collected","stats":{"cpu":1.7,"memory":{"total":7953,"used":4370,"free":2366,"percentage":54.947818433295616},"activeTools":[],"lastUpdated":"2025-06-27T16:10:37.731Z"}}
{"timestamp":"2025-06-27T16:10:41.449Z","level":"info","message":"Resource stats collected","stats":{"cpu":1.6,"memory":{"total":7953,"used":4373,"free":2363,"percentage":54.98554004778071},"activeTools":[],"lastUpdated":"2025-06-27T16:10:41.449Z"}}
{"timestamp":"2025-06-27T16:10:46.741Z","level":"info","message":"Resource stats collected","stats":{"cpu":4.8,"memory":{"total":7953,"used":4396,"free":2340,"percentage":55.27473909216648},"activeTools":[],"lastUpdated":"2025-06-27T16:10:46.741Z"}}
{"timestamp":"2025-06-27T16:10:51.696Z","level":"info","message":"Resource stats collected","stats":{"cpu":17.7,"memory":{"total":7953,"used":4384,"free":2352,"percentage":55.123852634226076},"activeTools":[],"lastUpdated":"2025-06-27T16:10:51.696Z"}}
{"timestamp":"2025-06-27T16:10:56.854Z","level":"info","message":"Resource stats collected","stats":{"cpu":1.6,"memory":{"total":7953,"used":4367,"free":2369,"percentage":54.910096818810516},"activeTools":[],"lastUpdated":"2025-06-27T16:10:56.853Z"}}
